#
# There is insufficient memory for the Java Runtime Environment to continue.
# Native memory allocation (mmap) failed to map 402653184 bytes for G1 virtual space
# Possible reasons:
#   The system is out of physical RAM or swap space
#   The process is running with CompressedOops enabled, and the Java Heap may be blocking the growth of the native heap
# Possible solutions:
#   Reduce memory load on the system
#   Increase physical memory or swap space
#   Check if swap backing store is full
#   Decrease Java heap size (-Xmx/-Xms)
#   Decrease number of Java threads
#   Decrease Java thread stack sizes (-Xss)
#   Set larger code cache with -XX:ReservedCodeCacheSize=
#   JVM is running with Zero Based Compressed Oops mode in which the Java heap is
#     placed in the first 32GB address space. The Java Heap base address is the
#     maximum limit for the native heap growth. Please use -XX:HeapBaseMinAddress
#     to set the Java Heap base and to place the Java Heap above 32GB virtual address.
# This output file may be truncated or incomplete.
#
#  Out of Memory Error (os_windows.cpp:3548), pid=58048, tid=58696
#
# JRE version:  (17.0.12+8) (build )
# Java VM: Java HotSpot(TM) 64-Bit Server VM (17.0.12+8-LTS-286, mixed mode, sharing, tiered, compressed oops, compressed class ptrs, g1 gc, windows-amd64)
# No core dump will be written. Minidumps are not enabled by default on client versions of Windows
#

---------------  S U M M A R Y ------------

Command Line: -javaagent:E:\IntelliJ IDEA 2024.2.1\lib\idea_rt.jar=65474:E:\IntelliJ IDEA 2024.2.1\bin -Dfile.encoding=UTF-8 com.fg.Application

Host: Intel(R) Core(TM) i7-10750H CPU @ 2.60GHz, 12 cores, 23G,  Windows 10 , 64 bit Build 19041 (10.0.19041.5794)
Time: Sat Jun 14 21:21:41 2025  Windows 10 , 64 bit Build 19041 (10.0.19041.5794) elapsed time: 0.024426 seconds (0d 0h 0m 0s)

---------------  T H R E A D  ---------------

Current thread (0x000001a4c91142a0):  JavaThread "Unknown thread" [_thread_in_vm, id=58696, stack(0x00000050aae00000,0x00000050aaf00000)]

Stack: [0x00000050aae00000,0x00000050aaf00000]
Native frames: (J=compiled Java code, j=interpreted, Vv=VM code, C=native code)
V  [jvm.dll+0x67a04a]
V  [jvm.dll+0x7da4ed]
V  [jvm.dll+0x7dbe33]
V  [jvm.dll+0x7dc4a3]
V  [jvm.dll+0x24508f]
V  [jvm.dll+0x677089]
V  [jvm.dll+0x66bd32]
V  [jvm.dll+0x301fa6]
V  [jvm.dll+0x309546]
V  [jvm.dll+0x359d2e]
V  [jvm.dll+0x359f5f]
V  [jvm.dll+0x2d9078]
V  [jvm.dll+0x2d9fe4]
V  [jvm.dll+0x7aca21]
V  [jvm.dll+0x367591]
V  [jvm.dll+0x78b999]
V  [jvm.dll+0x3ec83f]
V  [jvm.dll+0x3ee471]
C  [jli.dll+0x5297]
C  [ucrtbase.dll+0x21bb2]
C  [KERNEL32.DLL+0x17374]
C  [ntdll.dll+0x4cc91]


---------------  P R O C E S S  ---------------

Threads class SMR info:
_java_thread_list=0x00007ffd7fa27a18, length=0, elements={
}

Java Threads: ( => current thread )

Other Threads:
  0x000001a4c919d9e0 GCTaskThread "GC Thread#0" [stack: 0x00000050aaf00000,0x00000050ab000000] [id=55996]
  0x000001a4c91ab590 ConcurrentGCThread "G1 Main Marker" [stack: 0x00000050ab000000,0x00000050ab100000] [id=55008]
  0x000001a4c91ac550 ConcurrentGCThread "G1 Conc#0" [stack: 0x00000050ab100000,0x00000050ab200000] [id=55808]

[error occurred during error reporting (printing all threads), id 0xc0000005, EXCEPTION_ACCESS_VIOLATION (0xc0000005) at pc=0x00007ffd7f259b67]

VM state: not at safepoint (not fully initialized)

VM Mutex/Monitor currently owned by a thread:  ([mutex/lock_event])
[0x000001a4c910f9b0] Heap_lock - owner thread: 0x000001a4c91142a0

Heap address: 0x0000000683800000, size: 6088 MB, Compressed Oops mode: Zero based, Oop shift amount: 3

CDS archive(s) mapped at: [0x0000000000000000-0x0000000000000000-0x0000000000000000), size 0, SharedBaseAddress: 0x0000000800000000, ArchiveRelocationMode: 1.
Narrow klass base: 0x0000000000000000, Narrow klass shift: 0, Narrow klass range: 0x0

GC Precious Log:
<Empty>

Heap:
 garbage-first heap   total 0K, used 0K [0x0000000683800000, 0x0000000800000000)
  region size 4096K, 0 young (0K), 0 survivors (0K)

[error occurred during error reporting (printing heap information), id 0xc0000005, EXCEPTION_ACCESS_VIOLATION (0xc0000005) at pc=0x00007ffd7f643859]

GC Heap History (0 events):
No events

Deoptimization events (0 events):
No events

Classes unloaded (0 events):
No events

Classes redefined (0 events):
No events

Internal exceptions (0 events):
No events

VM Operations (0 events):
No events

Events (1 events):
Event: 0.006 Loaded shared library E:\java\bin\java.dll


Dynamic libraries:
0x00007ff747370000 - 0x00007ff747380000 	E:\java\bin\java.exe
0x00007fff6bc70000 - 0x00007fff6be68000 	C:\WINDOWS\SYSTEM32\ntdll.dll
0x00007fff69ce0000 - 0x00007fff69da2000 	C:\WINDOWS\System32\KERNEL32.DLL
0x00007fff69310000 - 0x00007fff69606000 	C:\WINDOWS\System32\KERNELBASE.dll
0x00007fff69660000 - 0x00007fff69760000 	C:\WINDOWS\System32\ucrtbase.dll
0x00007ffec4ee0000 - 0x00007ffec4ef9000 	E:\java\bin\jli.dll
0x00007ffec4d00000 - 0x00007ffec4d1b000 	E:\java\bin\VCRUNTIME140.dll
0x00007fff6ab00000 - 0x00007fff6abaf000 	C:\WINDOWS\System32\ADVAPI32.dll
0x00007fff6a830000 - 0x00007fff6a8ce000 	C:\WINDOWS\System32\msvcrt.dll
0x00007fff6bab0000 - 0x00007fff6bb4f000 	C:\WINDOWS\System32\sechost.dll
0x00007fff6a500000 - 0x00007fff6a623000 	C:\WINDOWS\System32\RPCRT4.dll
0x00007fff697f0000 - 0x00007fff69817000 	C:\WINDOWS\System32\bcrypt.dll
0x00007fff6a630000 - 0x00007fff6a7cd000 	C:\WINDOWS\System32\USER32.dll
0x00007fff69aa0000 - 0x00007fff69ac2000 	C:\WINDOWS\System32\win32u.dll
0x00007fff4b3e0000 - 0x00007fff4b67a000 	C:\WINDOWS\WinSxS\amd64_microsoft.windows.common-controls_6595b64144ccf1df_6.0.19041.5794_none_60bcd33171f2783c\COMCTL32.dll
0x00007fff69ca0000 - 0x00007fff69ccb000 	C:\WINDOWS\System32\GDI32.dll
0x00007fff69b80000 - 0x00007fff69c9a000 	C:\WINDOWS\System32\gdi32full.dll
0x00007fff69820000 - 0x00007fff698bd000 	C:\WINDOWS\System32\msvcp_win.dll
0x00007fff5e9c0000 - 0x00007fff5e9ca000 	C:\WINDOWS\SYSTEM32\VERSION.dll
0x00007fff6a9f0000 - 0x00007fff6aa1f000 	C:\WINDOWS\System32\IMM32.DLL
0x00007fff174d0000 - 0x00007fff174dc000 	E:\java\bin\vcruntime140_1.dll
0x00007ffe88150000 - 0x00007ffe881de000 	E:\java\bin\msvcp140.dll
0x00007ffd7ef70000 - 0x00007ffd7fb50000 	E:\java\bin\server\jvm.dll
0x00007fff69cd0000 - 0x00007fff69cd8000 	C:\WINDOWS\System32\PSAPI.DLL
0x00007fff27b50000 - 0x00007fff27b59000 	C:\WINDOWS\SYSTEM32\WSOCK32.dll
0x00007fff56350000 - 0x00007fff56377000 	C:\WINDOWS\SYSTEM32\WINMM.dll
0x00007fff6bb60000 - 0x00007fff6bbcb000 	C:\WINDOWS\System32\WS2_32.dll
0x00007fff67b60000 - 0x00007fff67b72000 	C:\WINDOWS\SYSTEM32\kernel.appcore.dll
0x00007fff17480000 - 0x00007fff1748a000 	E:\java\bin\jimage.dll
0x00007fff67660000 - 0x00007fff67861000 	C:\WINDOWS\SYSTEM32\DBGHELP.DLL
0x00007fff52030000 - 0x00007fff52064000 	C:\WINDOWS\SYSTEM32\dbgcore.DLL
0x00007fff69760000 - 0x00007fff697e2000 	C:\WINDOWS\System32\bcryptPrimitives.dll
0x00007fff5c530000 - 0x00007fff5c53e000 	E:\java\bin\instrument.dll
0x00007ffe88120000 - 0x00007ffe88145000 	E:\java\bin\java.dll

dbghelp: loaded successfully - version: 4.0.5 - missing functions: none
symbol engine: initialized successfully - sym options: 0x614 - pdb path: .;E:\java\bin;C:\WINDOWS\SYSTEM32;C:\WINDOWS\WinSxS\amd64_microsoft.windows.common-controls_6595b64144ccf1df_6.0.19041.5794_none_60bcd33171f2783c;E:\java\bin\server

VM Arguments:
jvm_args: -javaagent:E:\IntelliJ IDEA 2024.2.1\lib\idea_rt.jar=65474:E:\IntelliJ IDEA 2024.2.1\bin -Dfile.encoding=UTF-8 
java_command: com.fg.Application
java_class_path (initial): E:\javaLearning\rpc\rpc\demo\rpc-consumer-demo\target\classes;E:\javaLearning\rpc\rpc\demo\rpc-api\target\classes;E:\javaLearning\rpc\rpc\rpc-framework\rpc-core\target\classes;C:\Users\86188\.m2\repository\io\netty\netty-all\4.1.89.Final\netty-all-4.1.89.Final.jar;C:\Users\86188\.m2\repository\io\netty\netty-buffer\4.1.89.Final\netty-buffer-4.1.89.Final.jar;C:\Users\86188\.m2\repository\io\netty\netty-codec\4.1.89.Final\netty-codec-4.1.89.Final.jar;C:\Users\86188\.m2\repository\io\netty\netty-codec-dns\4.1.89.Final\netty-codec-dns-4.1.89.Final.jar;C:\Users\86188\.m2\repository\io\netty\netty-codec-haproxy\4.1.89.Final\netty-codec-haproxy-4.1.89.Final.jar;C:\Users\86188\.m2\repository\io\netty\netty-codec-http\4.1.89.Final\netty-codec-http-4.1.89.Final.jar;C:\Users\86188\.m2\repository\io\netty\netty-codec-http2\4.1.89.Final\netty-codec-http2-4.1.89.Final.jar;C:\Users\86188\.m2\repository\io\netty\netty-codec-memcache\4.1.89.Final\netty-codec-memcache-4.1.89.Final.jar;C:\Users\86188\.m2\repository\io\netty\netty-codec-mqtt\4.1.89.Final\netty-codec-mqtt-4.1.89.Final.jar;C:\Users\86188\.m2\repository\io\netty\netty-codec-redis\4.1.89.Final\netty-codec-redis-4.1.89.Final.jar;C:\Users\86188\.m2\repository\io\netty\netty-codec-smtp\4.1.89.Final\netty-codec-smtp-4.1.89.Final.jar;C:\Users\86188\.m2\repository\io\netty\netty-codec-socks\4.1.89.Final\netty-codec-socks-4.1.89.Final.jar;C:\Users\86188\.m2\repository\io\netty\netty-codec-stomp\4.1.89.Final\netty-codec-stomp-4.1.89.Final.jar;C:\Users\86188\.m2\repository\io\netty\netty-codec-xml\4.1.89.Final\netty-codec-xml-4.1.89.Final.jar;C:\Users\86188\.m2\repository\io\netty\netty-common\4.1.89.Final\netty-common-4.1.89.Final.jar;C:\Users\86188\.m2\repository\io\netty\netty-handler\4.1.89.Final\netty-handler-4.1.89.Final.jar;C:\Users\86188\.m2\repository\io\netty\netty-transport-native-unix-common\4.1.89.Final\netty-transport-native-unix-common-4.1.89.Final.jar;C:\Users\86188\.m2\repository\io\net
Launcher Type: SUN_STANDARD

[Global flags]
     intx CICompilerCount                          = 4                                         {product} {ergonomic}
     uint ConcGCThreads                            = 3                                         {product} {ergonomic}
     uint G1ConcRefinementThreads                  = 10                                        {product} {ergonomic}
   size_t G1HeapRegionSize                         = 4194304                                   {product} {ergonomic}
    uintx GCDrainStackTargetSize                   = 64                                        {product} {ergonomic}
   size_t InitialHeapSize                          = 402653184                                 {product} {ergonomic}
   size_t MarkStackSize                            = 4194304                                   {product} {ergonomic}
   size_t MaxHeapSize                              = 6383730688                                {product} {ergonomic}
   size_t MinHeapDeltaBytes                        = 4194304                                   {product} {ergonomic}
   size_t MinHeapSize                              = 8388608                                   {product} {ergonomic}
    uintx NonNMethodCodeHeapSize                   = 5839372                                {pd product} {ergonomic}
    uintx NonProfiledCodeHeapSize                  = 122909434                              {pd product} {ergonomic}
    uintx ProfiledCodeHeapSize                     = 122909434                              {pd product} {ergonomic}
    uintx ReservedCodeCacheSize                    = 251658240                              {pd product} {ergonomic}
     bool SegmentedCodeCache                       = true                                      {product} {ergonomic}
   size_t SoftMaxHeapSize                          = 6383730688                             {manageable} {ergonomic}
     bool UseCompressedClassPointers               = true                           {product lp64_product} {ergonomic}
     bool UseCompressedOops                        = true                           {product lp64_product} {ergonomic}
     bool UseG1GC                                  = true                                      {product} {ergonomic}
     bool UseLargePagesIndividualAllocation        = false                                  {pd product} {ergonomic}

Logging:
Log output configuration:
 #0: stdout all=warning uptime,level,tags
 #1: stderr all=off uptime,level,tags

Environment Variables:
JAVA_HOME=E:\java
CLASSPATH=.;%JAVA_HOME%\lib\dt.jar;%JAVA_HOME%\lib\tools.jar
PATH=C:\Program Files (x86)\VMware\VMware Workstation\bin\;C:\windows\system32;C:\windows;C:\windows\System32\Wbem;C:\windows\System32\WindowsPowerShell\v1.0\;C:\windows\System32\OpenSSH\;C:\Program Files (x86)\NVIDIA Corporation\PhysX\Common;C:\Program Files\NVIDIA Corporation\NVIDIA NvDLISR;C:\WINDOWS\system32;C:\WINDOWS;C:\WINDOWS\System32\Wbem;C:\WINDOWS\System32\WindowsPowerShell\v1.0\;C:\WINDOWS\System32\OpenSSH\;C:\mingw-w64-install.exe;D:\nodejs\node_modules\node_global;D:\nodejs\;C:\Program Files\Microsoft SQL Server\110\DTS\Binn\;C:\Program Files (x86)\Microsoft SQL Server\110\Tools\Binn\;C:\Program Files\Microsoft SQL Server\110\Tools\Binn\;C:\Program Files (x86)\Microsoft SQL Server\110\Tools\Binn\ManagementStudio\;C:\Program Files (x86)\Microsoft Visual Studio 10.0\Common7\IDE\PrivateAssemblies\;C:\Program Files (x86)\Microsoft SQL Server\110\DTS\Binn\;%QUARTUS_ROOTDIR%\bin;C:\Program Files (x86)\Tencent\微信web开发者工具\dll;C:\P;ogram Files\Git\cmd;C:\Program Files\dotnet\;C:\Program Files\Git\cmd;E:\Anaconda3;E:\Anaconda3\Scripts;E:\Anaconda3\Library\bin;E:\java_modules\apache-maven-3.9.9\bin;E:\go\bin;E:\goPro;E:\Anaconda3;E:\Anaconda3\Library\mingw-w64\bin;E:\Anaconda3\Library\usr\bin;E:\Anaconda3\Library\bin;E:\Anaconda3\Scripts;C:\Users\86188\AppData\Local\Programs\Python\Python312\Scripts\;C:\Users\86188\AppData\Local\Programs\Python\Python312\;C:\Ruby31-x64\bin;C:\Program Files\MySQL\MySQL Shell 8.0\bin\;C:\Users\86188\AppData\Local\Microsoft\WindowsApps;E:\pycharm\PyCharm Community Edition 2024.1.1\bin;;#NODE_PATH;D:\nodejs\node_modules\node_global;E:\IntelliJ IDEA 2024.2.1\bin;;C:\Users\86188\.dotnet\tools;C:\Users\86188\AppData\Roaming\npm;C:\Users\86188\AppData\Local\Programs\Microsoft VS Code\bin;E:\PyCharm 2024.2.1\bin;;E:\java\bin;E:\java_modules\cpolar\;C:\Users\86188\go\bin;E:\GoLand 2024.3.5\bin;;C:\Users\86188\AppData\Local\Programs\cursor\resources\app\bin
USERNAME=86188
OS=Windows_NT
PROCESSOR_IDENTIFIER=Intel64 Family 6 Model 165 Stepping 2, GenuineIntel



---------------  S Y S T E M  ---------------

OS:
 Windows 10 , 64 bit Build 19041 (10.0.19041.5794)
OS uptime: 7 days 6:14 hours

CPU: total 12 (initial active 12) (6 cores per cpu, 2 threads per core) family 6 model 165 stepping 2 microcode 0xc8, cx8, cmov, fxsr, ht, mmx, 3dnowpref, sse, sse2, sse3, ssse3, sse4.1, sse4.2, popcnt, lzcnt, tsc, tscinvbit, avx, avx2, aes, erms, clmul, bmi1, bmi2, adx, fma, vzeroupper, clflush, clflushopt

Memory: 4k page, system-wide physical 24345M (6960M free)
TotalPageFile size 30489M (AvailPageFile size 132M)
current process WorkingSet (physical memory assigned to process): 10M, peak: 10M
current process commit charge ("private bytes"): 64M, peak: 448M

vm_info: Java HotSpot(TM) 64-Bit Server VM (17.0.12+8-LTS-286) for windows-amd64 JRE (17.0.12+8-LTS-286), built on Jun  5 2024 06:46:59 by "mach5one" with MS VC++ 17.6 (VS2022)

END.
